[2026-02-02 09:39:50] local.ERROR: SQLSTATE[HY000] [1045] Access denied for user 'oseji10'@'localhost' (using password: YES) (Connection: mysql, SQL: select exists (select 1 from information_schema.tables where table_schema = schema() and table_name = 'migrations' and table_type in ('BASE TABLE', 'SYSTEM VERSIONED')) as `exists`) {"exception":"[object] (Illuminate\\Database\\QueryException(code: 1045): SQLSTATE[HY000] [1045] Access denied for user 'oseji10'@'localhost' (using password: YES) (Connection: mysql, SQL: select exists (select 1 from information_schema.tables where table_schema = schema() and table_name = 'migrations' and table_type in ('BASE TABLE', 'SYSTEM VERSIONED')) as `exists`) at /home/victor-oseji/Documents/MyApps/property-community/backend/vendor/laravel/framework/src/Illuminate/Database/Connection.php:822)
[stacktrace]
#0 /home/victor-oseji/Documents/MyApps/property-community/backend/vendor/laravel/framework/src/Illuminate/Database/Connection.php(976): Illuminate\\Database\\Connection->runQueryCallback()
#1 /home/victor-oseji/Documents/MyApps/property-community/backend/vendor/laravel/framework/src/Illuminate/Database/Connection.php(955): Illuminate\\Database\\Connection->tryAgainIfCausedByLostConnection()
#2 /home/victor-oseji/Documents/MyApps/property-community/backend/vendor/laravel/framework/src/Illuminate/Database/Connection.php(778): Illuminate\\Database\\Connection->handleQueryException()
#3 /home/victor-oseji/Documents/MyApps/property-community/backend/vendor/laravel/framework/src/Illuminate/Database/Connection.php(395): Illuminate\\Database\\Connection->run()
#4 /home/victor-oseji/Documents/MyApps/property-community/backend/vendor/laravel/framework/src/Illuminate/Database/Connection.php(341): Illuminate\\Database\\Connection->select()
#5 /home/victor-oseji/Documents/MyApps/property-community/backend/vendor/laravel/framework/src/Illuminate/Database/Connection.php(358): Illuminate\\Database\\Connection->selectOne()
#6 /home/victor-oseji/Documents/MyApps/property-community/backend/vendor/laravel/framework/src/Illuminate/Database/Schema/Builder.php(174): Illuminate\\Database\\Connection->scalar()
#7 /home/victor-oseji/Documents/MyApps/property-community/backend/vendor/laravel/framework/src/Illuminate/Database/Migrations/DatabaseMigrationRepository.php(183): Illuminate\\Database\\Schema\\Builder->hasTable()
#8 /home/victor-oseji/Documents/MyApps/property-community/backend/vendor/laravel/framework/src/Illuminate/Database/Migrations/Migrator.php(749): Illuminate\\Database\\Migrations\\DatabaseMigrationRepository->repositoryExists()
#9 /home/victor-oseji/Documents/MyApps/property-community/backend/vendor/laravel/framework/src/Illuminate/Database/Console/Migrations/MigrateCommand.php(164): Illuminate\\Database\\Migrations\\Migrator->repositoryExists()
#10 /home/victor-oseji/Documents/MyApps/property-community/backend/vendor/laravel/framework/src/Illuminate/Support/helpers.php(338): Illuminate\\Database\\Console\\Migrations\\MigrateCommand->Illuminate\\Database\\Console\\Migrations\\{closure}()
#11 /home/victor-oseji/Documents/MyApps/property-community/backend/vendor/laravel/framework/src/Illuminate/Database/Console/Migrations/MigrateCommand.php(164): retry()
#12 /home/victor-oseji/Documents/MyApps/property-community/backend/vendor/laravel/framework/src/Illuminate/Database/Console/Migrations/MigrateCommand.php(140): Illuminate\\Database\\Console\\Migrations\\MigrateCommand->repositoryExists()
#13 /home/victor-oseji/Documents/MyApps/property-community/backend/vendor/laravel/framework/src/Illuminate/Database/Console/Migrations/MigrateCommand.php(110): Illuminate\\Database\\Console\\Migrations\\MigrateCommand->prepareDatabase()
#14 /home/victor-oseji/Documents/MyApps/property-community/backend/vendor/laravel/framework/src/Illuminate/Database/Migrations/Migrator.php(665): Illuminate\\Database\\Console\\Migrations\\MigrateCommand->Illuminate\\Database\\Console\\Migrations\\{closure}()
#15 /home/victor-oseji/Documents/MyApps/property-community/backend/vendor/laravel/framework/src/Illuminate/Database/Console/Migrations/MigrateCommand.php(109): Illuminate\\Database\\Migrations\\Migrator->usingConnection()
#16 /home/victor-oseji/Documents/MyApps/property-community/backend/vendor/laravel/framework/src/Illuminate/Database/Console/Migrations/MigrateCommand.php(88): Illuminate\\Database\\Console\\Migrations\\MigrateCommand->runMigrations()
#17 /home/victor-oseji/Documents/MyApps/property-community/backend/vendor/laravel/framework/src/Illuminate/Container/BoundMethod.php(36): Illuminate\\Database\\Console\\Migrations\\MigrateCommand->handle()
#18 /home/victor-oseji/Documents/MyApps/property-community/backend/vendor/laravel/framework/src/Illuminate/Container/Util.php(43): Illuminate\\Container\\BoundMethod::Illuminate\\Container\\{closure}()
#19 /home/victor-oseji/Documents/MyApps/property-community/backend/vendor/laravel/framework/src/Illuminate/Container/BoundMethod.php(96): Illuminate\\Container\\Util::unwrapIfClosure()
#20 /home/victor-oseji/Documents/MyApps/property-community/backend/vendor/laravel/framework/src/Illuminate/Container/BoundMethod.php(35): Illuminate\\Container\\BoundMethod::callBoundMethod()
#21 /home/victor-oseji/Documents/MyApps/property-community/backend/vendor/laravel/framework/src/Illuminate/Container/Container.php(754): Illuminate\\Container\\BoundMethod::call()
#22 /home/victor-oseji/Documents/MyApps/property-community/backend/vendor/laravel/framework/src/Illuminate/Console/Command.php(209): Illuminate\\Container\\Container->call()
#23 /home/victor-oseji/Documents/MyApps/property-community/backend/vendor/symfony/console/Command/Command.php(318): Illuminate\\Console\\Command->execute()
#24 /home/victor-oseji/Documents/MyApps/property-community/backend/vendor/laravel/framework/src/Illuminate/Console/Command.php(178): Symfony\\Component\\Console\\Command\\Command->run()
#25 /home/victor-oseji/Documents/MyApps/property-community/backend/vendor/symfony/console/Application.php(1092): Illuminate\\Console\\Command->run()
#26 /home/victor-oseji/Documents/MyApps/property-community/backend/vendor/symfony/console/Application.php(341): Symfony\\Component\\Console\\Application->doRunCommand()
#27 /home/victor-oseji/Documents/MyApps/property-community/backend/vendor/symfony/console/Application.php(192): Symfony\\Component\\Console\\Application->doRun()
#28 /home/victor-oseji/Documents/MyApps/property-community/backend/vendor/laravel/framework/src/Illuminate/Foundation/Console/Kernel.php(197): Symfony\\Component\\Console\\Application->run()
#29 /home/victor-oseji/Documents/MyApps/property-community/backend/artisan(35): Illuminate\\Foundation\\Console\\Kernel->handle()
#30 {main}

[previous exception] [object] (PDOException(code: 1045): SQLSTATE[HY000] [1045] Access denied for user 'oseji10'@'localhost' (using password: YES) at /home/victor-oseji/Documents/MyApps/property-community/backend/vendor/laravel/framework/src/Illuminate/Database/Connectors/Connector.php:66)
[stacktrace]
#0 /home/victor-oseji/Documents/MyApps/property-community/backend/vendor/laravel/framework/src/Illuminate/Database/Connectors/Connector.php(66): PDO->__construct()
#1 /home/victor-oseji/Documents/MyApps/property-community/backend/vendor/laravel/framework/src/Illuminate/Database/Connectors/Connector.php(85): Illuminate\\Database\\Connectors\\Connector->createPdoConnection()
#2 /home/victor-oseji/Documents/MyApps/property-community/backend/vendor/laravel/framework/src/Illuminate/Database/Connectors/Connector.php(48): Illuminate\\Database\\Connectors\\Connector->tryAgainIfCausedByLostConnection()
#3 /home/victor-oseji/Documents/MyApps/property-community/backend/vendor/laravel/framework/src/Illuminate/Database/Connectors/MySqlConnector.php(24): Illuminate\\Database\\Connectors\\Connector->createConnection()
#4 /home/victor-oseji/Documents/MyApps/property-community/backend/vendor/laravel/framework/src/Illuminate/Database/Connectors/ConnectionFactory.php(184): Illuminate\\Database\\Connectors\\MySqlConnector->connect()
#5 [internal function]: Illuminate\\Database\\Connectors\\ConnectionFactory->Illuminate\\Database\\Connectors\\{closure}()
#6 /home/victor-oseji/Documents/MyApps/property-community/backend/vendor/laravel/framework/src/Illuminate/Database/Connection.php(1228): call_user_func()
#7 /home/victor-oseji/Documents/MyApps/property-community/backend/vendor/laravel/framework/src/Illuminate/Database/Connection.php(1264): Illuminate\\Database\\Connection->getPdo()
#8 /home/victor-oseji/Documents/MyApps/property-community/backend/vendor/laravel/framework/src/Illuminate/Database/Connection.php(509): Illuminate\\Database\\Connection->getReadPdo()
#9 /home/victor-oseji/Documents/MyApps/property-community/backend/vendor/laravel/framework/src/Illuminate/Database/Connection.php(404): Illuminate\\Database\\Connection->getPdoForSelect()
#10 /home/victor-oseji/Documents/MyApps/property-community/backend/vendor/laravel/framework/src/Illuminate/Database/Connection.php(809): Illuminate\\Database\\Connection->Illuminate\\Database\\{closure}()
#11 /home/victor-oseji/Documents/MyApps/property-community/backend/vendor/laravel/framework/src/Illuminate/Database/Connection.php(976): Illuminate\\Database\\Connection->runQueryCallback()
#12 /home/victor-oseji/Documents/MyApps/property-community/backend/vendor/laravel/framework/src/Illuminate/Database/Connection.php(955): Illuminate\\Database\\Connection->tryAgainIfCausedByLostConnection()
#13 /home/victor-oseji/Documents/MyApps/property-community/backend/vendor/laravel/framework/src/Illuminate/Database/Connection.php(778): Illuminate\\Database\\Connection->handleQueryException()
#14 /home/victor-oseji/Documents/MyApps/property-community/backend/vendor/laravel/framework/src/Illuminate/Database/Connection.php(395): Illuminate\\Database\\Connection->run()
#15 /home/victor-oseji/Documents/MyApps/property-community/backend/vendor/laravel/framework/src/Illuminate/Database/Connection.php(341): Illuminate\\Database\\Connection->select()
#16 /home/victor-oseji/Documents/MyApps/property-community/backend/vendor/laravel/framework/src/Illuminate/Database/Connection.php(358): Illuminate\\Database\\Connection->selectOne()
#17 /home/victor-oseji/Documents/MyApps/property-community/backend/vendor/laravel/framework/src/Illuminate/Database/Schema/Builder.php(174): Illuminate\\Database\\Connection->scalar()
#18 /home/victor-oseji/Documents/MyApps/property-community/backend/vendor/laravel/framework/src/Illuminate/Database/Migrations/DatabaseMigrationRepository.php(183): Illuminate\\Database\\Schema\\Builder->hasTable()
#19 /home/victor-oseji/Documents/MyApps/property-community/backend/vendor/laravel/framework/src/Illuminate/Database/Migrations/Migrator.php(749): Illuminate\\Database\\Migrations\\DatabaseMigrationRepository->repositoryExists()
#20 /home/victor-oseji/Documents/MyApps/property-community/backend/vendor/laravel/framework/src/Illuminate/Database/Console/Migrations/MigrateCommand.php(164): Illuminate\\Database\\Migrations\\Migrator->repositoryExists()
#21 /home/victor-oseji/Documents/MyApps/property-community/backend/vendor/laravel/framework/src/Illuminate/Support/helpers.php(338): Illuminate\\Database\\Console\\Migrations\\MigrateCommand->Illuminate\\Database\\Console\\Migrations\\{closure}()
#22 /home/victor-oseji/Documents/MyApps/property-community/backend/vendor/laravel/framework/src/Illuminate/Database/Console/Migrations/MigrateCommand.php(164): retry()
#23 /home/victor-oseji/Documents/MyApps/property-community/backend/vendor/laravel/framework/src/Illuminate/Database/Console/Migrations/MigrateCommand.php(140): Illuminate\\Database\\Console\\Migrations\\MigrateCommand->repositoryExists()
#24 /home/victor-oseji/Documents/MyApps/property-community/backend/vendor/laravel/framework/src/Illuminate/Database/Console/Migrations/MigrateCommand.php(110): Illuminate\\Database\\Console\\Migrations\\MigrateCommand->prepareDatabase()
#25 /home/victor-oseji/Documents/MyApps/property-community/backend/vendor/laravel/framework/src/Illuminate/Database/Migrations/Migrator.php(665): Illuminate\\Database\\Console\\Migrations\\MigrateCommand->Illuminate\\Database\\Console\\Migrations\\{closure}()
#26 /home/victor-oseji/Documents/MyApps/property-community/backend/vendor/laravel/framework/src/Illuminate/Database/Console/Migrations/MigrateCommand.php(109): Illuminate\\Database\\Migrations\\Migrator->usingConnection()
#27 /home/victor-oseji/Documents/MyApps/property-community/backend/vendor/laravel/framework/src/Illuminate/Database/Console/Migrations/MigrateCommand.php(88): Illuminate\\Database\\Console\\Migrations\\MigrateCommand->runMigrations()
#28 /home/victor-oseji/Documents/MyApps/property-community/backend/vendor/laravel/framework/src/Illuminate/Container/BoundMethod.php(36): Illuminate\\Database\\Console\\Migrations\\MigrateCommand->handle()
#29 /home/victor-oseji/Documents/MyApps/property-community/backend/vendor/laravel/framework/src/Illuminate/Container/Util.php(43): Illuminate\\Container\\BoundMethod::Illuminate\\Container\\{closure}()
#30 /home/victor-oseji/Documents/MyApps/property-community/backend/vendor/laravel/framework/src/Illuminate/Container/BoundMethod.php(96): Illuminate\\Container\\Util::unwrapIfClosure()
#31 /home/victor-oseji/Documents/MyApps/property-community/backend/vendor/laravel/framework/src/Illuminate/Container/BoundMethod.php(35): Illuminate\\Container\\BoundMethod::callBoundMethod()
#32 /home/victor-oseji/Documents/MyApps/property-community/backend/vendor/laravel/framework/src/Illuminate/Container/Container.php(754): Illuminate\\Container\\BoundMethod::call()
#33 /home/victor-oseji/Documents/MyApps/property-community/backend/vendor/laravel/framework/src/Illuminate/Console/Command.php(209): Illuminate\\Container\\Container->call()
#34 /home/victor-oseji/Documents/MyApps/property-community/backend/vendor/symfony/console/Command/Command.php(318): Illuminate\\Console\\Command->execute()
#35 /home/victor-oseji/Documents/MyApps/property-community/backend/vendor/laravel/framework/src/Illuminate/Console/Command.php(178): Symfony\\Component\\Console\\Command\\Command->run()
#36 /home/victor-oseji/Documents/MyApps/property-community/backend/vendor/symfony/console/Application.php(1092): Illuminate\\Console\\Command->run()
#37 /home/victor-oseji/Documents/MyApps/property-community/backend/vendor/symfony/console/Application.php(341): Symfony\\Component\\Console\\Application->doRunCommand()
#38 /home/victor-oseji/Documents/MyApps/property-community/backend/vendor/symfony/console/Application.php(192): Symfony\\Component\\Console\\Application->doRun()
#39 /home/victor-oseji/Documents/MyApps/property-community/backend/vendor/laravel/framework/src/Illuminate/Foundation/Console/Kernel.php(197): Symfony\\Component\\Console\\Application->run()
#40 /home/victor-oseji/Documents/MyApps/property-community/backend/artisan(35): Illuminate\\Foundation\\Console\\Kernel->handle()
#41 {main}
"} 
[2026-02-02 09:40:05] local.ERROR: SQLSTATE[HY000] [1045] Access denied for user 'oseji10'@'localhost' (using password: YES) (Connection: mysql, SQL: select exists (select 1 from information_schema.tables where table_schema = schema() and table_name = 'migrations' and table_type in ('BASE TABLE', 'SYSTEM VERSIONED')) as `exists`) {"exception":"[object] (Illuminate\\Database\\QueryException(code: 1045): SQLSTATE[HY000] [1045] Access denied for user 'oseji10'@'localhost' (using password: YES) (Connection: mysql, SQL: select exists (select 1 from information_schema.tables where table_schema = schema() and table_name = 'migrations' and table_type in ('BASE TABLE', 'SYSTEM VERSIONED')) as `exists`) at /home/victor-oseji/Documents/MyApps/property-community/backend/vendor/laravel/framework/src/Illuminate/Database/Connection.php:822)
[stacktrace]
#0 /home/victor-oseji/Documents/MyApps/property-community/backend/vendor/laravel/framework/src/Illuminate/Database/Connection.php(976): Illuminate\\Database\\Connection->runQueryCallback()
#1 /home/victor-oseji/Documents/MyApps/property-community/backend/vendor/laravel/framework/src/Illuminate/Database/Connection.php(955): Illuminate\\Database\\Connection->tryAgainIfCausedByLostConnection()
#2 /home/victor-oseji/Documents/MyApps/property-community/backend/vendor/laravel/framework/src/Illuminate/Database/Connection.php(778): Illuminate\\Database\\Connection->handleQueryException()
#3 /home/victor-oseji/Documents/MyApps/property-community/backend/vendor/laravel/framework/src/Illuminate/Database/Connection.php(395): Illuminate\\Database\\Connection->run()
#4 /home/victor-oseji/Documents/MyApps/property-community/backend/vendor/laravel/framework/src/Illuminate/Database/Connection.php(341): Illuminate\\Database\\Connection->select()
#5 /home/victor-oseji/Documents/MyApps/property-community/backend/vendor/laravel/framework/src/Illuminate/Database/Connection.php(358): Illuminate\\Database\\Connection->selectOne()
#6 /home/victor-oseji/Documents/MyApps/property-community/backend/vendor/laravel/framework/src/Illuminate/Database/Schema/Builder.php(174): Illuminate\\Database\\Connection->scalar()
#7 /home/victor-oseji/Documents/MyApps/property-community/backend/vendor/laravel/framework/src/Illuminate/Database/Migrations/DatabaseMigrationRepository.php(183): Illuminate\\Database\\Schema\\Builder->hasTable()
#8 /home/victor-oseji/Documents/MyApps/property-community/backend/vendor/laravel/framework/src/Illuminate/Database/Migrations/Migrator.php(749): Illuminate\\Database\\Migrations\\DatabaseMigrationRepository->repositoryExists()
#9 /home/victor-oseji/Documents/MyApps/property-community/backend/vendor/laravel/framework/src/Illuminate/Database/Console/Migrations/MigrateCommand.php(164): Illuminate\\Database\\Migrations\\Migrator->repositoryExists()
#10 /home/victor-oseji/Documents/MyApps/property-community/backend/vendor/laravel/framework/src/Illuminate/Support/helpers.php(338): Illuminate\\Database\\Console\\Migrations\\MigrateCommand->Illuminate\\Database\\Console\\Migrations\\{closure}()
#11 /home/victor-oseji/Documents/MyApps/property-community/backend/vendor/laravel/framework/src/Illuminate/Database/Console/Migrations/MigrateCommand.php(164): retry()
#12 /home/victor-oseji/Documents/MyApps/property-community/backend/vendor/laravel/framework/src/Illuminate/Database/Console/Migrations/MigrateCommand.php(140): Illuminate\\Database\\Console\\Migrations\\MigrateCommand->repositoryExists()
#13 /home/victor-oseji/Documents/MyApps/property-community/backend/vendor/laravel/framework/src/Illuminate/Database/Console/Migrations/MigrateCommand.php(110): Illuminate\\Database\\Console\\Migrations\\MigrateCommand->prepareDatabase()
#14 /home/victor-oseji/Documents/MyApps/property-community/backend/vendor/laravel/framework/src/Illuminate/Database/Migrations/Migrator.php(665): Illuminate\\Database\\Console\\Migrations\\MigrateCommand->Illuminate\\Database\\Console\\Migrations\\{closure}()
#15 /home/victor-oseji/Documents/MyApps/property-community/backend/vendor/laravel/framework/src/Illuminate/Database/Console/Migrations/MigrateCommand.php(109): Illuminate\\Database\\Migrations\\Migrator->usingConnection()
#16 /home/victor-oseji/Documents/MyApps/property-community/backend/vendor/laravel/framework/src/Illuminate/Database/Console/Migrations/MigrateCommand.php(88): Illuminate\\Database\\Console\\Migrations\\MigrateCommand->runMigrations()
#17 /home/victor-oseji/Documents/MyApps/property-community/backend/vendor/laravel/framework/src/Illuminate/Container/BoundMethod.php(36): Illuminate\\Database\\Console\\Migrations\\MigrateCommand->handle()
#18 /home/victor-oseji/Documents/MyApps/property-community/backend/vendor/laravel/framework/src/Illuminate/Container/Util.php(43): Illuminate\\Container\\BoundMethod::Illuminate\\Container\\{closure}()
#19 /home/victor-oseji/Documents/MyApps/property-community/backend/vendor/laravel/framework/src/Illuminate/Container/BoundMethod.php(96): Illuminate\\Container\\Util::unwrapIfClosure()
#20 /home/victor-oseji/Documents/MyApps/property-community/backend/vendor/laravel/framework/src/Illuminate/Container/BoundMethod.php(35): Illuminate\\Container\\BoundMethod::callBoundMethod()
#21 /home/victor-oseji/Documents/MyApps/property-community/backend/vendor/laravel/framework/src/Illuminate/Container/Container.php(754): Illuminate\\Container\\BoundMethod::call()
#22 /home/victor-oseji/Documents/MyApps/property-community/backend/vendor/laravel/framework/src/Illuminate/Console/Command.php(209): Illuminate\\Container\\Container->call()
#23 /home/victor-oseji/Documents/MyApps/property-community/backend/vendor/symfony/console/Command/Command.php(318): Illuminate\\Console\\Command->execute()
#24 /home/victor-oseji/Documents/MyApps/property-community/backend/vendor/laravel/framework/src/Illuminate/Console/Command.php(178): Symfony\\Component\\Console\\Command\\Command->run()
#25 /home/victor-oseji/Documents/MyApps/property-community/backend/vendor/symfony/console/Application.php(1092): Illuminate\\Console\\Command->run()
#26 /home/victor-oseji/Documents/MyApps/property-community/backend/vendor/symfony/console/Application.php(341): Symfony\\Component\\Console\\Application->doRunCommand()
#27 /home/victor-oseji/Documents/MyApps/property-community/backend/vendor/symfony/console/Application.php(192): Symfony\\Component\\Console\\Application->doRun()
#28 /home/victor-oseji/Documents/MyApps/property-community/backend/vendor/laravel/framework/src/Illuminate/Foundation/Console/Kernel.php(197): Symfony\\Component\\Console\\Application->run()
#29 /home/victor-oseji/Documents/MyApps/property-community/backend/artisan(35): Illuminate\\Foundation\\Console\\Kernel->handle()
#30 {main}

[previous exception] [object] (PDOException(code: 1045): SQLSTATE[HY000] [1045] Access denied for user 'oseji10'@'localhost' (using password: YES) at /home/victor-oseji/Documents/MyApps/property-community/backend/vendor/laravel/framework/src/Illuminate/Database/Connectors/Connector.php:66)
[stacktrace]
#0 /home/victor-oseji/Documents/MyApps/property-community/backend/vendor/laravel/framework/src/Illuminate/Database/Connectors/Connector.php(66): PDO->__construct()
#1 /home/victor-oseji/Documents/MyApps/property-community/backend/vendor/laravel/framework/src/Illuminate/Database/Connectors/Connector.php(85): Illuminate\\Database\\Connectors\\Connector->createPdoConnection()
#2 /home/victor-oseji/Documents/MyApps/property-community/backend/vendor/laravel/framework/src/Illuminate/Database/Connectors/Connector.php(48): Illuminate\\Database\\Connectors\\Connector->tryAgainIfCausedByLostConnection()
#3 /home/victor-oseji/Documents/MyApps/property-community/backend/vendor/laravel/framework/src/Illuminate/Database/Connectors/MySqlConnector.php(24): Illuminate\\Database\\Connectors\\Connector->createConnection()
#4 /home/victor-oseji/Documents/MyApps/property-community/backend/vendor/laravel/framework/src/Illuminate/Database/Connectors/ConnectionFactory.php(184): Illuminate\\Database\\Connectors\\MySqlConnector->connect()
#5 [internal function]: Illuminate\\Database\\Connectors\\ConnectionFactory->Illuminate\\Database\\Connectors\\{closure}()
#6 /home/victor-oseji/Documents/MyApps/property-community/backend/vendor/laravel/framework/src/Illuminate/Database/Connection.php(1228): call_user_func()
#7 /home/victor-oseji/Documents/MyApps/property-community/backend/vendor/laravel/framework/src/Illuminate/Database/Connection.php(1264): Illuminate\\Database\\Connection->getPdo()
#8 /home/victor-oseji/Documents/MyApps/property-community/backend/vendor/laravel/framework/src/Illuminate/Database/Connection.php(509): Illuminate\\Database\\Connection->getReadPdo()
#9 /home/victor-oseji/Documents/MyApps/property-community/backend/vendor/laravel/framework/src/Illuminate/Database/Connection.php(404): Illuminate\\Database\\Connection->getPdoForSelect()
#10 /home/victor-oseji/Documents/MyApps/property-community/backend/vendor/laravel/framework/src/Illuminate/Database/Connection.php(809): Illuminate\\Database\\Connection->Illuminate\\Database\\{closure}()
#11 /home/victor-oseji/Documents/MyApps/property-community/backend/vendor/laravel/framework/src/Illuminate/Database/Connection.php(976): Illuminate\\Database\\Connection->runQueryCallback()
#12 /home/victor-oseji/Documents/MyApps/property-community/backend/vendor/laravel/framework/src/Illuminate/Database/Connection.php(955): Illuminate\\Database\\Connection->tryAgainIfCausedByLostConnection()
#13 /home/victor-oseji/Documents/MyApps/property-community/backend/vendor/laravel/framework/src/Illuminate/Database/Connection.php(778): Illuminate\\Database\\Connection->handleQueryException()
#14 /home/victor-oseji/Documents/MyApps/property-community/backend/vendor/laravel/framework/src/Illuminate/Database/Connection.php(395): Illuminate\\Database\\Connection->run()
#15 /home/victor-oseji/Documents/MyApps/property-community/backend/vendor/laravel/framework/src/Illuminate/Database/Connection.php(341): Illuminate\\Database\\Connection->select()
#16 /home/victor-oseji/Documents/MyApps/property-community/backend/vendor/laravel/framework/src/Illuminate/Database/Connection.php(358): Illuminate\\Database\\Connection->selectOne()
#17 /home/victor-oseji/Documents/MyApps/property-community/backend/vendor/laravel/framework/src/Illuminate/Database/Schema/Builder.php(174): Illuminate\\Database\\Connection->scalar()
#18 /home/victor-oseji/Documents/MyApps/property-community/backend/vendor/laravel/framework/src/Illuminate/Database/Migrations/DatabaseMigrationRepository.php(183): Illuminate\\Database\\Schema\\Builder->hasTable()
#19 /home/victor-oseji/Documents/MyApps/property-community/backend/vendor/laravel/framework/src/Illuminate/Database/Migrations/Migrator.php(749): Illuminate\\Database\\Migrations\\DatabaseMigrationRepository->repositoryExists()
#20 /home/victor-oseji/Documents/MyApps/property-community/backend/vendor/laravel/framework/src/Illuminate/Database/Console/Migrations/MigrateCommand.php(164): Illuminate\\Database\\Migrations\\Migrator->repositoryExists()
#21 /home/victor-oseji/Documents/MyApps/property-community/backend/vendor/laravel/framework/src/Illuminate/Support/helpers.php(338): Illuminate\\Database\\Console\\Migrations\\MigrateCommand->Illuminate\\Database\\Console\\Migrations\\{closure}()
#22 /home/victor-oseji/Documents/MyApps/property-community/backend/vendor/laravel/framework/src/Illuminate/Database/Console/Migrations/MigrateCommand.php(164): retry()
#23 /home/victor-oseji/Documents/MyApps/property-community/backend/vendor/laravel/framework/src/Illuminate/Database/Console/Migrations/MigrateCommand.php(140): Illuminate\\Database\\Console\\Migrations\\MigrateCommand->repositoryExists()
#24 /home/victor-oseji/Documents/MyApps/property-community/backend/vendor/laravel/framework/src/Illuminate/Database/Console/Migrations/MigrateCommand.php(110): Illuminate\\Database\\Console\\Migrations\\MigrateCommand->prepareDatabase()
#25 /home/victor-oseji/Documents/MyApps/property-community/backend/vendor/laravel/framework/src/Illuminate/Database/Migrations/Migrator.php(665): Illuminate\\Database\\Console\\Migrations\\MigrateCommand->Illuminate\\Database\\Console\\Migrations\\{closure}()
#26 /home/victor-oseji/Documents/MyApps/property-community/backend/vendor/laravel/framework/src/Illuminate/Database/Console/Migrations/MigrateCommand.php(109): Illuminate\\Database\\Migrations\\Migrator->usingConnection()
#27 /home/victor-oseji/Documents/MyApps/property-community/backend/vendor/laravel/framework/src/Illuminate/Database/Console/Migrations/MigrateCommand.php(88): Illuminate\\Database\\Console\\Migrations\\MigrateCommand->runMigrations()
#28 /home/victor-oseji/Documents/MyApps/property-community/backend/vendor/laravel/framework/src/Illuminate/Container/BoundMethod.php(36): Illuminate\\Database\\Console\\Migrations\\MigrateCommand->handle()
#29 /home/victor-oseji/Documents/MyApps/property-community/backend/vendor/laravel/framework/src/Illuminate/Container/Util.php(43): Illuminate\\Container\\BoundMethod::Illuminate\\Container\\{closure}()
#30 /home/victor-oseji/Documents/MyApps/property-community/backend/vendor/laravel/framework/src/Illuminate/Container/BoundMethod.php(96): Illuminate\\Container\\Util::unwrapIfClosure()
#31 /home/victor-oseji/Documents/MyApps/property-community/backend/vendor/laravel/framework/src/Illuminate/Container/BoundMethod.php(35): Illuminate\\Container\\BoundMethod::callBoundMethod()
#32 /home/victor-oseji/Documents/MyApps/property-community/backend/vendor/laravel/framework/src/Illuminate/Container/Container.php(754): Illuminate\\Container\\BoundMethod::call()
#33 /home/victor-oseji/Documents/MyApps/property-community/backend/vendor/laravel/framework/src/Illuminate/Console/Command.php(209): Illuminate\\Container\\Container->call()
#34 /home/victor-oseji/Documents/MyApps/property-community/backend/vendor/symfony/console/Command/Command.php(318): Illuminate\\Console\\Command->execute()
#35 /home/victor-oseji/Documents/MyApps/property-community/backend/vendor/laravel/framework/src/Illuminate/Console/Command.php(178): Symfony\\Component\\Console\\Command\\Command->run()
#36 /home/victor-oseji/Documents/MyApps/property-community/backend/vendor/symfony/console/Application.php(1092): Illuminate\\Console\\Command->run()
#37 /home/victor-oseji/Documents/MyApps/property-community/backend/vendor/symfony/console/Application.php(341): Symfony\\Component\\Console\\Application->doRunCommand()
#38 /home/victor-oseji/Documents/MyApps/property-community/backend/vendor/symfony/console/Application.php(192): Symfony\\Component\\Console\\Application->doRun()
#39 /home/victor-oseji/Documents/MyApps/property-community/backend/vendor/laravel/framework/src/Illuminate/Foundation/Console/Kernel.php(197): Symfony\\Component\\Console\\Application->run()
#40 /home/victor-oseji/Documents/MyApps/property-community/backend/artisan(35): Illuminate\\Foundation\\Console\\Kernel->handle()
#41 {main}
"} 
[2026-02-02 09:40:10] local.ERROR: SQLSTATE[HY000] [1045] Access denied for user 'oseji10'@'localhost' (using password: YES) (Connection: mysql, SQL: select exists (select 1 from information_schema.tables where table_schema = schema() and table_name = 'migrations' and table_type in ('BASE TABLE', 'SYSTEM VERSIONED')) as `exists`) {"exception":"[object] (Illuminate\\Database\\QueryException(code: 1045): SQLSTATE[HY000] [1045] Access denied for user 'oseji10'@'localhost' (using password: YES) (Connection: mysql, SQL: select exists (select 1 from information_schema.tables where table_schema = schema() and table_name = 'migrations' and table_type in ('BASE TABLE', 'SYSTEM VERSIONED')) as `exists`) at /home/victor-oseji/Documents/MyApps/property-community/backend/vendor/laravel/framework/src/Illuminate/Database/Connection.php:822)
[stacktrace]
#0 /home/victor-oseji/Documents/MyApps/property-community/backend/vendor/laravel/framework/src/Illuminate/Database/Connection.php(976): Illuminate\\Database\\Connection->runQueryCallback()
#1 /home/victor-oseji/Documents/MyApps/property-community/backend/vendor/laravel/framework/src/Illuminate/Database/Connection.php(955): Illuminate\\Database\\Connection->tryAgainIfCausedByLostConnection()
#2 /home/victor-oseji/Documents/MyApps/property-community/backend/vendor/laravel/framework/src/Illuminate/Database/Connection.php(778): Illuminate\\Database\\Connection->handleQueryException()
#3 /home/victor-oseji/Documents/MyApps/property-community/backend/vendor/laravel/framework/src/Illuminate/Database/Connection.php(395): Illuminate\\Database\\Connection->run()
#4 /home/victor-oseji/Documents/MyApps/property-community/backend/vendor/laravel/framework/src/Illuminate/Database/Connection.php(341): Illuminate\\Database\\Connection->select()
#5 /home/victor-oseji/Documents/MyApps/property-community/backend/vendor/laravel/framework/src/Illuminate/Database/Connection.php(358): Illuminate\\Database\\Connection->selectOne()
#6 /home/victor-oseji/Documents/MyApps/property-community/backend/vendor/laravel/framework/src/Illuminate/Database/Schema/Builder.php(174): Illuminate\\Database\\Connection->scalar()
#7 /home/victor-oseji/Documents/MyApps/property-community/backend/vendor/laravel/framework/src/Illuminate/Database/Migrations/DatabaseMigrationRepository.php(183): Illuminate\\Database\\Schema\\Builder->hasTable()
#8 /home/victor-oseji/Documents/MyApps/property-community/backend/vendor/laravel/framework/src/Illuminate/Database/Migrations/Migrator.php(749): Illuminate\\Database\\Migrations\\DatabaseMigrationRepository->repositoryExists()
#9 /home/victor-oseji/Documents/MyApps/property-community/backend/vendor/laravel/framework/src/Illuminate/Database/Console/Migrations/MigrateCommand.php(164): Illuminate\\Database\\Migrations\\Migrator->repositoryExists()
#10 /home/victor-oseji/Documents/MyApps/property-community/backend/vendor/laravel/framework/src/Illuminate/Support/helpers.php(338): Illuminate\\Database\\Console\\Migrations\\MigrateCommand->Illuminate\\Database\\Console\\Migrations\\{closure}()
#11 /home/victor-oseji/Documents/MyApps/property-community/backend/vendor/laravel/framework/src/Illuminate/Database/Console/Migrations/MigrateCommand.php(164): retry()
#12 /home/victor-oseji/Documents/MyApps/property-community/backend/vendor/laravel/framework/src/Illuminate/Database/Console/Migrations/MigrateCommand.php(140): Illuminate\\Database\\Console\\Migrations\\MigrateCommand->repositoryExists()
#13 /home/victor-oseji/Documents/MyApps/property-community/backend/vendor/laravel/framework/src/Illuminate/Database/Console/Migrations/MigrateCommand.php(110): Illuminate\\Database\\Console\\Migrations\\MigrateCommand->prepareDatabase()
#14 /home/victor-oseji/Documents/MyApps/property-community/backend/vendor/laravel/framework/src/Illuminate/Database/Migrations/Migrator.php(665): Illuminate\\Database\\Console\\Migrations\\MigrateCommand->Illuminate\\Database\\Console\\Migrations\\{closure}()
#15 /home/victor-oseji/Documents/MyApps/property-community/backend/vendor/laravel/framework/src/Illuminate/Database/Console/Migrations/MigrateCommand.php(109): Illuminate\\Database\\Migrations\\Migrator->usingConnection()
#16 /home/victor-oseji/Documents/MyApps/property-community/backend/vendor/laravel/framework/src/Illuminate/Database/Console/Migrations/MigrateCommand.php(88): Illuminate\\Database\\Console\\Migrations\\MigrateCommand->runMigrations()
#17 /home/victor-oseji/Documents/MyApps/property-community/backend/vendor/laravel/framework/src/Illuminate/Container/BoundMethod.php(36): Illuminate\\Database\\Console\\Migrations\\MigrateCommand->handle()
#18 /home/victor-oseji/Documents/MyApps/property-community/backend/vendor/laravel/framework/src/Illuminate/Container/Util.php(43): Illuminate\\Container\\BoundMethod::Illuminate\\Container\\{closure}()
#19 /home/victor-oseji/Documents/MyApps/property-community/backend/vendor/laravel/framework/src/Illuminate/Container/BoundMethod.php(96): Illuminate\\Container\\Util::unwrapIfClosure()
#20 /home/victor-oseji/Documents/MyApps/property-community/backend/vendor/laravel/framework/src/Illuminate/Container/BoundMethod.php(35): Illuminate\\Container\\BoundMethod::callBoundMethod()
#21 /home/victor-oseji/Documents/MyApps/property-community/backend/vendor/laravel/framework/src/Illuminate/Container/Container.php(754): Illuminate\\Container\\BoundMethod::call()
#22 /home/victor-oseji/Documents/MyApps/property-community/backend/vendor/laravel/framework/src/Illuminate/Console/Command.php(209): Illuminate\\Container\\Container->call()
#23 /home/victor-oseji/Documents/MyApps/property-community/backend/vendor/symfony/console/Command/Command.php(318): Illuminate\\Console\\Command->execute()
#24 /home/victor-oseji/Documents/MyApps/property-community/backend/vendor/laravel/framework/src/Illuminate/Console/Command.php(178): Symfony\\Component\\Console\\Command\\Command->run()
#25 /home/victor-oseji/Documents/MyApps/property-community/backend/vendor/symfony/console/Application.php(1092): Illuminate\\Console\\Command->run()
#26 /home/victor-oseji/Documents/MyApps/property-community/backend/vendor/symfony/console/Application.php(341): Symfony\\Component\\Console\\Application->doRunCommand()
#27 /home/victor-oseji/Documents/MyApps/property-community/backend/vendor/symfony/console/Application.php(192): Symfony\\Component\\Console\\Application->doRun()
#28 /home/victor-oseji/Documents/MyApps/property-community/backend/vendor/laravel/framework/src/Illuminate/Foundation/Console/Kernel.php(197): Symfony\\Component\\Console\\Application->run()
#29 /home/victor-oseji/Documents/MyApps/property-community/backend/artisan(35): Illuminate\\Foundation\\Console\\Kernel->handle()
#30 {main}

[previous exception] [object] (PDOException(code: 1045): SQLSTATE[HY000] [1045] Access denied for user 'oseji10'@'localhost' (using password: YES) at /home/victor-oseji/Documents/MyApps/property-community/backend/vendor/laravel/framework/src/Illuminate/Database/Connectors/Connector.php:66)
[stacktrace]
#0 /home/victor-oseji/Documents/MyApps/property-community/backend/vendor/laravel/framework/src/Illuminate/Database/Connectors/Connector.php(66): PDO->__construct()
#1 /home/victor-oseji/Documents/MyApps/property-community/backend/vendor/laravel/framework/src/Illuminate/Database/Connectors/Connector.php(85): Illuminate\\Database\\Connectors\\Connector->createPdoConnection()
#2 /home/victor-oseji/Documents/MyApps/property-community/backend/vendor/laravel/framework/src/Illuminate/Database/Connectors/Connector.php(48): Illuminate\\Database\\Connectors\\Connector->tryAgainIfCausedByLostConnection()
#3 /home/victor-oseji/Documents/MyApps/property-community/backend/vendor/laravel/framework/src/Illuminate/Database/Connectors/MySqlConnector.php(24): Illuminate\\Database\\Connectors\\Connector->createConnection()
#4 /home/victor-oseji/Documents/MyApps/property-community/backend/vendor/laravel/framework/src/Illuminate/Database/Connectors/ConnectionFactory.php(184): Illuminate\\Database\\Connectors\\MySqlConnector->connect()
#5 [internal function]: Illuminate\\Database\\Connectors\\ConnectionFactory->Illuminate\\Database\\Connectors\\{closure}()
#6 /home/victor-oseji/Documents/MyApps/property-community/backend/vendor/laravel/framework/src/Illuminate/Database/Connection.php(1228): call_user_func()
#7 /home/victor-oseji/Documents/MyApps/property-community/backend/vendor/laravel/framework/src/Illuminate/Database/Connection.php(1264): Illuminate\\Database\\Connection->getPdo()
#8 /home/victor-oseji/Documents/MyApps/property-community/backend/vendor/laravel/framework/src/Illuminate/Database/Connection.php(509): Illuminate\\Database\\Connection->getReadPdo()
#9 /home/victor-oseji/Documents/MyApps/property-community/backend/vendor/laravel/framework/src/Illuminate/Database/Connection.php(404): Illuminate\\Database\\Connection->getPdoForSelect()
#10 /home/victor-oseji/Documents/MyApps/property-community/backend/vendor/laravel/framework/src/Illuminate/Database/Connection.php(809): Illuminate\\Database\\Connection->Illuminate\\Database\\{closure}()
#11 /home/victor-oseji/Documents/MyApps/property-community/backend/vendor/laravel/framework/src/Illuminate/Database/Connection.php(976): Illuminate\\Database\\Connection->runQueryCallback()
#12 /home/victor-oseji/Documents/MyApps/property-community/backend/vendor/laravel/framework/src/Illuminate/Database/Connection.php(955): Illuminate\\Database\\Connection->tryAgainIfCausedByLostConnection()
#13 /home/victor-oseji/Documents/MyApps/property-community/backend/vendor/laravel/framework/src/Illuminate/Database/Connection.php(778): Illuminate\\Database\\Connection->handleQueryException()
#14 /home/victor-oseji/Documents/MyApps/property-community/backend/vendor/laravel/framework/src/Illuminate/Database/Connection.php(395): Illuminate\\Database\\Connection->run()
#15 /home/victor-oseji/Documents/MyApps/property-community/backend/vendor/laravel/framework/src/Illuminate/Database/Connection.php(341): Illuminate\\Database\\Connection->select()
#16 /home/victor-oseji/Documents/MyApps/property-community/backend/vendor/laravel/framework/src/Illuminate/Database/Connection.php(358): Illuminate\\Database\\Connection->selectOne()
#17 /home/victor-oseji/Documents/MyApps/property-community/backend/vendor/laravel/framework/src/Illuminate/Database/Schema/Builder.php(174): Illuminate\\Database\\Connection->scalar()
#18 /home/victor-oseji/Documents/MyApps/property-community/backend/vendor/laravel/framework/src/Illuminate/Database/Migrations/DatabaseMigrationRepository.php(183): Illuminate\\Database\\Schema\\Builder->hasTable()
#19 /home/victor-oseji/Documents/MyApps/property-community/backend/vendor/laravel/framework/src/Illuminate/Database/Migrations/Migrator.php(749): Illuminate\\Database\\Migrations\\DatabaseMigrationRepository->repositoryExists()
#20 /home/victor-oseji/Documents/MyApps/property-community/backend/vendor/laravel/framework/src/Illuminate/Database/Console/Migrations/MigrateCommand.php(164): Illuminate\\Database\\Migrations\\Migrator->repositoryExists()
#21 /home/victor-oseji/Documents/MyApps/property-community/backend/vendor/laravel/framework/src/Illuminate/Support/helpers.php(338): Illuminate\\Database\\Console\\Migrations\\MigrateCommand->Illuminate\\Database\\Console\\Migrations\\{closure}()
#22 /home/victor-oseji/Documents/MyApps/property-community/backend/vendor/laravel/framework/src/Illuminate/Database/Console/Migrations/MigrateCommand.php(164): retry()
#23 /home/victor-oseji/Documents/MyApps/property-community/backend/vendor/laravel/framework/src/Illuminate/Database/Console/Migrations/MigrateCommand.php(140): Illuminate\\Database\\Console\\Migrations\\MigrateCommand->repositoryExists()
#24 /home/victor-oseji/Documents/MyApps/property-community/backend/vendor/laravel/framework/src/Illuminate/Database/Console/Migrations/MigrateCommand.php(110): Illuminate\\Database\\Console\\Migrations\\MigrateCommand->prepareDatabase()
#25 /home/victor-oseji/Documents/MyApps/property-community/backend/vendor/laravel/framework/src/Illuminate/Database/Migrations/Migrator.php(665): Illuminate\\Database\\Console\\Migrations\\MigrateCommand->Illuminate\\Database\\Console\\Migrations\\{closure}()
#26 /home/victor-oseji/Documents/MyApps/property-community/backend/vendor/laravel/framework/src/Illuminate/Database/Console/Migrations/MigrateCommand.php(109): Illuminate\\Database\\Migrations\\Migrator->usingConnection()
#27 /home/victor-oseji/Documents/MyApps/property-community/backend/vendor/laravel/framework/src/Illuminate/Database/Console/Migrations/MigrateCommand.php(88): Illuminate\\Database\\Console\\Migrations\\MigrateCommand->runMigrations()
#28 /home/victor-oseji/Documents/MyApps/property-community/backend/vendor/laravel/framework/src/Illuminate/Container/BoundMethod.php(36): Illuminate\\Database\\Console\\Migrations\\MigrateCommand->handle()
#29 /home/victor-oseji/Documents/MyApps/property-community/backend/vendor/laravel/framework/src/Illuminate/Container/Util.php(43): Illuminate\\Container\\BoundMethod::Illuminate\\Container\\{closure}()
#30 /home/victor-oseji/Documents/MyApps/property-community/backend/vendor/laravel/framework/src/Illuminate/Container/BoundMethod.php(96): Illuminate\\Container\\Util::unwrapIfClosure()
#31 /home/victor-oseji/Documents/MyApps/property-community/backend/vendor/laravel/framework/src/Illuminate/Container/BoundMethod.php(35): Illuminate\\Container\\BoundMethod::callBoundMethod()
#32 /home/victor-oseji/Documents/MyApps/property-community/backend/vendor/laravel/framework/src/Illuminate/Container/Container.php(754): Illuminate\\Container\\BoundMethod::call()
#33 /home/victor-oseji/Documents/MyApps/property-community/backend/vendor/laravel/framework/src/Illuminate/Console/Command.php(209): Illuminate\\Container\\Container->call()
#34 /home/victor-oseji/Documents/MyApps/property-community/backend/vendor/symfony/console/Command/Command.php(318): Illuminate\\Console\\Command->execute()
#35 /home/victor-oseji/Documents/MyApps/property-community/backend/vendor/laravel/framework/src/Illuminate/Console/Command.php(178): Symfony\\Component\\Console\\Command\\Command->run()
#36 /home/victor-oseji/Documents/MyApps/property-community/backend/vendor/symfony/console/Application.php(1092): Illuminate\\Console\\Command->run()
#37 /home/victor-oseji/Documents/MyApps/property-community/backend/vendor/symfony/console/Application.php(341): Symfony\\Component\\Console\\Application->doRunCommand()
#38 /home/victor-oseji/Documents/MyApps/property-community/backend/vendor/symfony/console/Application.php(192): Symfony\\Component\\Console\\Application->doRun()
#39 /home/victor-oseji/Documents/MyApps/property-community/backend/vendor/laravel/framework/src/Illuminate/Foundation/Console/Kernel.php(197): Symfony\\Component\\Console\\Application->run()
#40 /home/victor-oseji/Documents/MyApps/property-community/backend/artisan(35): Illuminate\\Foundation\\Console\\Kernel->handle()
#41 {main}
"} 
